#
# A fatal error has been detected by the Java Runtime Environment:
#
#  EXCEPTION_ACCESS_VIOLATION (0xc0000005) at pc=0x0000000000000040, pid=14780, tid=2152
#
# JRE version: OpenJDK Runtime Environment Corretto-17.0.9.8.1 (17.0.9+8) (build 17.0.9+8-LTS)
# Java VM: OpenJDK 64-Bit Server VM Corretto-17.0.9.8.1 (17.0.9+8-LTS, mixed mode, emulated-client, sharing, tiered, compressed oops, compressed class ptrs, g1 gc, windows-amd64)
# Problematic frame:
# V  [jvm.dll+0x309dfc]
#
# No core dump will be written. Minidumps are not enabled by default on client versions of Windows
#
# If you would like to submit a bug report, please visit:
#   https://github.com/corretto/corretto-17/issues/
#

---------------  S U M M A R Y ------------

Command Line: -XX:TieredStopAtLevel=1 -Dspring.output.ansi.enabled=always -Dcom.sun.management.jmxremote -Dspring.jmx.enabled=true -Dspring.liveBeansView.mbeanDomain -Dspring.application.admin.enabled=true -Dmanagement.endpoints.jmx.exposure.include=* -javaagent:C:\Program Files\JetBrains\IntelliJ IDEA 2024.1.3\lib\idea_rt.jar=54508:C:\Program Files\JetBrains\IntelliJ IDEA 2024.1.3\bin -Dfile.encoding=UTF-8 com.manyalo.message.ManyaloMessageApplication

Host: AMD Ryzen 7 1700X Eight-Core Processor         , 16 cores, 31G,  Windows 10 , 64 bit Build 19041 (10.0.19041.3636)
Time: Fri Jun 14 19:46:07 2024 Hora est. Pacífico, Sudamérica elapsed time: 2.197651 seconds (0d 0h 0m 2s)

---------------  T H R E A D  ---------------

Current thread (0x000001f89cce7020):  GCTaskThread "GC Thread#7" [stack: 0x0000006a87100000,0x0000006a87200000] [id=2152]

Stack: [0x0000006a87100000,0x0000006a87200000],  sp=0x0000006a871ff4f0,  free space=1021k
Native frames: (J=compiled Java code, j=interpreted, Vv=VM code, C=native code)
C  0x0000000000000040


siginfo: EXCEPTION_ACCESS_VIOLATION (0xc0000005), data execution prevention violation at address 0x0000000000000040


Registers:
RAX=0x00000000000001f8, RBX=0x0000000000000019, RCX=0x000001f8e2a2a750, RDX=0x00000006028f42a0
RSP=0x0000006a871ff4e8, RBP=0x000001f8e2a2a5d0, RSI=0x00000006028f42a0, RDI=0x0000000000000003
R8 =0x000001f89d002738, R9 =0x00007ffe76cd7fb8, R10=0x0000000000000002, R11=0x0000006a871ff2e0
R12=0x0000000060000004, R13=0x0000000000000000, R14=0x0000000000000000, R15=0x00000006028f42a0
RIP=0x0000000000000040, EFLAGS=0x0000000000010202


Register to memory mapping:

RIP=0x0000000000000040 is an unknown value
RAX=0x00000000000001f8 is an unknown value
RBX=0x0000000000000019 is an unknown value
RCX=0x000001f8e2a2a750 points into unknown readable memory: 0x00007ffe76b19790 | 90 97 b1 76 fe 7f 00 00
RDX=0x00000006028f42a0 points into unknown readable memory: 0x00000006028f42a3 | a3 42 8f 02 06 00 00 00
RSP=0x0000006a871ff4e8 points into unknown readable memory: 0x00007ffe764c9dfc | fc 9d 4c 76 fe 7f 00 00
RBP=0x000001f8e2a2a5d0 points into unknown readable memory: 0x00007ffe76b197d8 | d8 97 b1 76 fe 7f 00 00
RSI=0x00000006028f42a0 points into unknown readable memory: 0x00000006028f42a3 | a3 42 8f 02 06 00 00 00
RDI=0x0000000000000003 is an unknown value
R8 =0x000001f89d002738 is pointing into metadata
R9 =0x00007ffe76cd7fb8 jvm.dll
R10=0x0000000000000002 is an unknown value
R11=0x0000006a871ff2e0 points into unknown readable memory: 0x0000000000000000 | 00 00 00 00 00 00 00 00
R12=0x0000000060000004 is an unknown value
R13=0x0 is NULL
R14=0x0 is NULL
R15=0x00000006028f42a0 points into unknown readable memory: 0x00000006028f42a3 | a3 42 8f 02 06 00 00 00


Top of Stack: (sp=0x0000006a871ff4e8)
0x0000006a871ff4e8:   00007ffe764c9dfc 0000000000000019
0x0000006a871ff4f8:   000001f8e2a2a5d0 00000006028f42a0
0x0000006a871ff508:   000001f8e2a2a750 00000006028f42a0
0x0000006a871ff518:   00000006020ee738 000001f8e2a2a5d0
0x0000006a871ff528:   000001f89d002738 0000000000000001
0x0000006a871ff538:   00007ffe764c9697 0000000000000001
0x0000006a871ff548:   0000000000000000 0000000000000000
0x0000006a871ff558:   000001f8e2a2a5d0 0000000600000003
0x0000006a871ff568:   00007ffe00000000 0000000000000019
0x0000006a871ff578:   000001f8f8d8a860 000001f8e2a2a750
0x0000006a871ff588:   0000006a871ff5e8 00000006020ee05c
0x0000006a871ff598:   0000000000000000 0000000000000040
0x0000006a871ff5a8:   00000000000003d8 000001f89c907ec8
0x0000006a871ff5b8:   000001f8e2a2a5d0 00000006020ee734
0x0000006a871ff5c8:   0000000000001223 00000006020ee735
0x0000006a871ff5d8:   00007ffe764ca602 0000000000000000
0x0000006a871ff5e8:   000001f89d000100 000001f800000000
0x0000006a871ff5f8:   0000000000000019 000001f8e25c4900
0x0000006a871ff608:   000001f8e25c4938 000001f8e27376c0
0x0000006a871ff618:   000001f8e2737660 0000000000000020
0x0000006a871ff628:   00007ffe764c73be 000000000000001e
0x0000006a871ff638:   000001f8e2a2a5d0 000001f8e25c4938
0x0000006a871ff648:   00000000000003d8 0000000001477c4f
0x0000006a871ff658:   0000000000000000 000001f8e2737660
0x0000006a871ff668:   0000000000000020 000001f8e25c4938
0x0000006a871ff678:   00007ffe764d9faf 0000000000000000
0x0000006a871ff688:   00007ffe769a0100 0000000000000000
0x0000006a871ff698:   0000000000000019 000001f8e27376c0
0x0000006a871ff6a8:   00007ffe763b6fe4 000000000000000c
0x0000006a871ff6b8:   000001f8e25c4998 000001f8e2c2ecf0
0x0000006a871ff6c8:   000001f8e25c4938 0000006a85afecf0
0x0000006a871ff6d8:   00007ffe764c733b 000001f8e25c4998 

Instructions: (pc=0x00007ffe764c9dfc)
0x00007ffe764c9cfc:   ff 00 00 00 4c 8b 45 08 4c 89 74 24 60 41 8b 88
0x00007ffe764c9d0c:   c0 01 00 00 49 8b 80 b0 01 00 00 48 d3 ea 4c 8b
0x00007ffe764c9d1c:   34 d0 41 8b 8e 90 00 00 00 49 03 88 f0 04 00 00
0x00007ffe764c9d2c:   0f b6 01 84 c0 75 61 ba 01 00 00 00 33 c0 f0 0f
0x00007ffe764c9d3c:   b0 11 75 54 f0 41 0f c1 90 e8 04 00 00 48 83 3d
0x00007ffe764c9d4c:   cf 83 87 00 00 74 41 48 89 7c 24 50 49 8d 8e 94
0x00007ffe764c9d5c:   00 00 00 49 8b 7e 10 e8 08 85 05 00 49 8b 4e 08
0x00007ffe764c9d6c:   48 8d 15 4d fa 64 00 4d 8b 0e 4c 8b c0 48 89 4c
0x00007ffe764c9d7c:   24 28 48 8d 0d c3 82 64 00 48 89 7c 24 20 e8 01
0x00007ffe764c9d8c:   46 fc ff 48 8b 7c 24 50 8b 95 a8 01 00 00 4c 8b
0x00007ffe764c9d9c:   cb 48 8b 4d 08 4c 8b c6 e8 07 70 fd ff 41 8b 86
0x00007ffe764c9dac:   94 00 00 00 4c 8b 74 24 60 d1 e8 83 e0 01 89 85
0x00007ffe764c9dbc:   a0 01 00 00 80 3d 07 96 87 00 00 74 16 44 8b 46
0x00007ffe764c9dcc:   08 8b 0d 25 d5 80 00 49 d3 e0 4c 03 05 13 d5 80
0x00007ffe764c9ddc:   00 eb 04 4c 8b 46 08 49 63 40 0c 4c 8d 0d ca e1
0x00007ffe764c9dec:   80 00 48 8d 8d 80 01 00 00 48 8b d6 41 ff 14 c1
0x00007ffe764c9dfc:   48 8b c6 48 83 c4 30 5e 5d 5b c3 cc cc cc cc cc
0x00007ffe764c9e0c:   cc cc cc cc 48 89 5c 24 10 48 89 6c 24 18 56 48
0x00007ffe764c9e1c:   83 ec 30 33 db 48 8b ea 48 8b f1 39 59 30 76 5d
0x00007ffe764c9e2c:   48 89 7c 24 40 48 8b 46 10 48 8b 14 d8 48 85 d2
0x00007ffe764c9e3c:   74 3f 8b 85 a0 00 00 00 48 8d 0c 80 48 8b 82 20
0x00007ffe764c9e4c:   02 00 00 48 8b 3c c8 48 8b 0e 48 8b 89 10 04 00
0x00007ffe764c9e5c:   00 e8 8e 1f 00 00 48 8b c8 c7 44 24 20 04 00 00
0x00007ffe764c9e6c:   00 4c 8b cf 44 8b c3 ba 10 00 00 00 e8 73 4f ff
0x00007ffe764c9e7c:   ff ff c3 3b 5e 30 72 ad 48 8b 7c 24 40 48 8b 5c
0x00007ffe764c9e8c:   24 48 48 8b 6c 24 50 48 83 c4 30 5e c3 cc cc cc
0x00007ffe764c9e9c:   cc cc cc cc 48 89 5c 24 08 48 89 74 24 10 57 48
0x00007ffe764c9eac:   83 ec 40 48 8b 41 10 48 8b d9 8b f2 48 8d 3c f5
0x00007ffe764c9ebc:   00 00 00 00 48 83 3c 07 00 75 4d 45 33 c0 b9 38
0x00007ffe764c9ecc:   02 00 00 41 8d 50 05 e8 e8 cb d9 ff 48 8b c8 48
0x00007ffe764c9edc:   85 c0 74 28 48 8b 43 28 44 8b ce 4c 8b 43 08 48
0x00007ffe764c9eec:   8b 13 48 89 44 24 30 48 8b 43 20 48 89 44 24 28 


Stack slot to memory mapping:
stack at sp + 0 slots: 0x0000000000000019 is an unknown value
stack at sp + 1 slots: 0x000001f8e2a2a5d0 points into unknown readable memory: 0x00007ffe76b197d8 | d8 97 b1 76 fe 7f 00 00
stack at sp + 2 slots: 0x00000006028f42a0 points into unknown readable memory: 0x00000006028f42a3 | a3 42 8f 02 06 00 00 00
stack at sp + 3 slots: 0x000001f8e2a2a750 points into unknown readable memory: 0x00007ffe76b19790 | 90 97 b1 76 fe 7f 00 00
stack at sp + 4 slots: 0x00000006028f42a0 points into unknown readable memory: 0x00000006028f42a3 | a3 42 8f 02 06 00 00 00
stack at sp + 5 slots: 0x00000006020ee738 points into unknown readable memory: 0x0000000000000000 | 00 00 00 00 00 00 00 00
stack at sp + 6 slots: 0x000001f8e2a2a5d0 points into unknown readable memory: 0x00007ffe76b197d8 | d8 97 b1 76 fe 7f 00 00
stack at sp + 7 slots: 0x000001f89d002738 is pointing into metadata


---------------  P R O C E S S  ---------------

Threads class SMR info:
_java_thread_list=0x000001f8e2d1bc10, length=19, elements={
0x000001f8f8f1c010, 0x000001f8ff8c54d0, 0x000001f8ff8c6350, 0x000001f8ff8d7d50,
0x000001f8ff8ddc40, 0x000001f8ff8de700, 0x000001f89c1a40b0, 0x000001f89c1a4b20,
0x000001f89c1b0a30, 0x000001f89c2896c0, 0x000001f89c1a0a60, 0x000001f89c7d9bc0,
0x000001f89c7da0a0, 0x000001f89c8fe7c0, 0x000001f89c8fece0, 0x000001f89c8fbd80,
0x000001f8e26219b0, 0x000001f8e2665640, 0x000001f8e290b040
}

Java Threads: ( => current thread )
  0x000001f8f8f1c010 JavaThread "main" [_thread_blocked, id=17612, stack(0x0000006a85400000,0x0000006a85500000)]
  0x000001f8ff8c54d0 JavaThread "Reference Handler" daemon [_thread_blocked, id=18032, stack(0x0000006a85b00000,0x0000006a85c00000)]
  0x000001f8ff8c6350 JavaThread "Finalizer" daemon [_thread_blocked, id=15720, stack(0x0000006a85c00000,0x0000006a85d00000)]
  0x000001f8ff8d7d50 JavaThread "Signal Dispatcher" daemon [_thread_blocked, id=22400, stack(0x0000006a85d00000,0x0000006a85e00000)]
  0x000001f8ff8ddc40 JavaThread "Attach Listener" daemon [_thread_blocked, id=18988, stack(0x0000006a85e00000,0x0000006a85f00000)]
  0x000001f8ff8de700 JavaThread "Service Thread" daemon [_thread_blocked, id=1596, stack(0x0000006a85f00000,0x0000006a86000000)]
  0x000001f89c1a40b0 JavaThread "Monitor Deflation Thread" daemon [_thread_blocked, id=20232, stack(0x0000006a86000000,0x0000006a86100000)]
  0x000001f89c1a4b20 JavaThread "C1 CompilerThread0" daemon [_thread_blocked, id=19052, stack(0x0000006a86100000,0x0000006a86200000)]
  0x000001f89c1b0a30 JavaThread "Sweeper thread" daemon [_thread_blocked, id=10988, stack(0x0000006a86200000,0x0000006a86300000)]
  0x000001f89c2896c0 JavaThread "Common-Cleaner" daemon [_thread_blocked, id=1556, stack(0x0000006a86300000,0x0000006a86400000)]
  0x000001f89c1a0a60 JavaThread "C1 CompilerThread1" daemon [_thread_blocked, id=15640, stack(0x0000006a86400000,0x0000006a86500000)]
  0x000001f89c7d9bc0 JavaThread "Monitor Ctrl-Break" daemon [_thread_in_native, id=7208, stack(0x0000006a86500000,0x0000006a86600000)]
  0x000001f89c7da0a0 JavaThread "Notification Thread" daemon [_thread_blocked, id=4068, stack(0x0000006a86600000,0x0000006a86700000)]
  0x000001f89c8fe7c0 JavaThread "C1 CompilerThread2" daemon [_thread_blocked, id=10972, stack(0x0000006a86700000,0x0000006a86800000)]
  0x000001f89c8fece0 JavaThread "C1 CompilerThread3" daemon [_thread_blocked, id=19952, stack(0x0000006a86800000,0x0000006a86900000)]
  0x000001f89c8fbd80 JavaThread "RMI TCP Accept-0" daemon [_thread_in_native, id=7940, stack(0x0000006a86900000,0x0000006a86a00000)]
  0x000001f8e26219b0 JavaThread "RMI TCP Connection(1)-172.31.16.1" daemon [_thread_in_native, id=16316, stack(0x0000006a87900000,0x0000006a87a00000)]
  0x000001f8e2665640 JavaThread "RMI Scheduler(0)" daemon [_thread_blocked, id=3460, stack(0x0000006a87a00000,0x0000006a87b00000)]
  0x000001f8e290b040 JavaThread "C1 CompilerThread4" daemon [_thread_blocked, id=18312, stack(0x0000006a87b00000,0x0000006a87c00000)]

Other Threads:
  0x000001f8ff8c08c0 VMThread "VM Thread" [stack: 0x0000006a85a00000,0x0000006a85b00000] [id=13856]
  0x000001f8f8f1cfd0 WatcherThread [stack: 0x0000006a86a00000,0x0000006a86b00000] [id=17944]
  0x000001f8f8fc93e0 GCTaskThread "GC Thread#0" [stack: 0x0000006a85500000,0x0000006a85600000] [id=13744]
  0x000001f89cce75a0 GCTaskThread "GC Thread#1" [stack: 0x0000006a86b00000,0x0000006a86c00000] [id=12988]
  0x000001f89cce7b20 GCTaskThread "GC Thread#2" [stack: 0x0000006a86c00000,0x0000006a86d00000] [id=21408]
  0x000001f89cce72e0 GCTaskThread "GC Thread#3" [stack: 0x0000006a86d00000,0x0000006a86e00000] [id=18724]
  0x000001f89cce6d60 GCTaskThread "GC Thread#4" [stack: 0x0000006a86e00000,0x0000006a86f00000] [id=6460]
  0x000001f89cce67e0 GCTaskThread "GC Thread#5" [stack: 0x0000006a86f00000,0x0000006a87000000] [id=18992]
  0x000001f89cce6260 GCTaskThread "GC Thread#6" [stack: 0x0000006a87000000,0x0000006a87100000] [id=7052]
=>0x000001f89cce7020 GCTaskThread "GC Thread#7" [stack: 0x0000006a87100000,0x0000006a87200000] [id=2152]
  0x000001f89cce5fa0 GCTaskThread "GC Thread#8" [stack: 0x0000006a87200000,0x0000006a87300000] [id=11296]
  0x000001f89cce6520 GCTaskThread "GC Thread#9" [stack: 0x0000006a87300000,0x0000006a87400000] [id=6592]
  0x000001f89cce6aa0 GCTaskThread "GC Thread#10" [stack: 0x0000006a87400000,0x0000006a87500000] [id=13264]
  0x000001f89cd6a360 GCTaskThread "GC Thread#11" [stack: 0x0000006a87500000,0x0000006a87600000] [id=22316]
  0x000001f89cd6a620 GCTaskThread "GC Thread#12" [stack: 0x0000006a87c00000,0x0000006a87d00000] [id=19868]
  0x000001f8ff6ec260 ConcurrentGCThread "G1 Main Marker" [stack: 0x0000006a85600000,0x0000006a85700000] [id=11624]
  0x000001f8ff6ecc80 ConcurrentGCThread "G1 Conc#0" [stack: 0x0000006a85700000,0x0000006a85800000] [id=18016]
  0x000001f89cd6a0a0 ConcurrentGCThread "G1 Conc#1" [stack: 0x0000006a87800000,0x0000006a87900000] [id=12688]
  0x000001f89cd6b3e0 ConcurrentGCThread "G1 Conc#2" [stack: 0x0000006a87d00000,0x0000006a87e00000] [id=13632]
  0x000001f8ff7fa0a0 ConcurrentGCThread "G1 Refine#0" [stack: 0x0000006a85800000,0x0000006a85900000] [id=14516]
  0x000001f89cc74ed0 ConcurrentGCThread "G1 Refine#1" [stack: 0x0000006a87600000,0x0000006a87700000] [id=18048]
  0x000001f89cd7a880 ConcurrentGCThread "G1 Refine#2" [stack: 0x0000006a87700000,0x0000006a87800000] [id=19296]
  0x000001f8ff7faad0 ConcurrentGCThread "G1 Service" [stack: 0x0000006a85900000,0x0000006a85a00000] [id=20720]

Threads with active compile tasks:

VM state: at safepoint (normal execution)

VM Mutex/Monitor currently owned by a thread:  ([mutex/lock_event])
[0x000001f8f8f19720] Threads_lock - owner thread: 0x000001f8ff8c08c0
[0x000001f8f8f18490] Heap_lock - owner thread: 0x000001f8f8f1c010

Heap address: 0x0000000601400000, size: 8172 MB, Compressed Oops mode: Zero based, Oop shift amount: 3

CDS archive(s) mapped at: [0x000001f89d000000-0x000001f89dba0000-0x000001f89dba0000), size 12189696, SharedBaseAddress: 0x000001f89d000000, ArchiveRelocationMode: 1.
Compressed class space mapped at: 0x000001f89e000000-0x000001f8de000000, reserved size: 1073741824
Narrow klass base: 0x000001f89d000000, Narrow klass shift: 0, Narrow klass range: 0x100000000

GC Precious Log:
 CPUs: 16 total, 16 available
 Memory: 32687M
 Large Page Support: Disabled
 NUMA Support: Disabled
 Compressed Oops: Enabled (Zero based)
 Heap Region Size: 4M
 Heap Min Capacity: 8M
 Heap Initial Capacity: 512M
 Heap Max Capacity: 8172M
 Pre-touch: Disabled
 Parallel Workers: 13
 Concurrent Workers: 3
 Concurrent Refinement Workers: 13
 Periodic GC: Disabled

Heap:
 garbage-first heap   total 69632K, used 17586K [0x0000000601400000, 0x0000000800000000)
  region size 4096K, 2 young (8192K), 1 survivors (4096K)
 Metaspace       used 26722K, committed 27072K, reserved 1114112K
  class space    used 3823K, committed 3968K, reserved 1048576K

Heap Regions: E=young(eden), S=young(survivor), O=old, HS=humongous(starts), HC=humongous(continues), CS=collection set, F=free, OA=open archive, CA=closed archive, TAMS=top-at-mark-start (previous, next)
|   0|0x0000000601400000, 0x0000000601800000, 0x0000000601800000|100%| O|  |TAMS 0x0000000601800000, 0x0000000601400000| Untracked 
|   1|0x0000000601800000, 0x0000000601a13800, 0x0000000601c00000| 51%| O|CS|TAMS 0x0000000601a13800, 0x0000000601800000| Complete 
|   2|0x0000000601c00000, 0x0000000602000000, 0x0000000602000000|100%| O|  |TAMS 0x0000000601c00000, 0x0000000601c00000| Untracked 
|   3|0x0000000602000000, 0x0000000602400000, 0x0000000602400000|100%| O|  |TAMS 0x0000000602000000, 0x0000000602000000| Untracked 
|   4|0x0000000602400000, 0x00000006025888b0, 0x0000000602800000| 38%| O|  |TAMS 0x0000000602400000, 0x0000000602400000| Untracked 
|   5|0x0000000602800000, 0x00000006029d8d40, 0x0000000602c00000| 46%| E|CS|TAMS 0x0000000602800000, 0x0000000602800000| Complete 
|   6|0x0000000602c00000, 0x0000000603000000, 0x0000000603000000|100%| E|CS|TAMS 0x0000000602c00000, 0x0000000602c00000| Complete 
|   7|0x0000000603000000, 0x0000000603000000, 0x0000000603400000|  0%| F|  |TAMS 0x0000000603000000, 0x0000000603000000| Untracked 
|   8|0x0000000603400000, 0x0000000603400000, 0x0000000603800000|  0%| F|  |TAMS 0x0000000603400000, 0x0000000603400000| Untracked 
|   9|0x0000000603800000, 0x0000000603800000, 0x0000000603c00000|  0%| F|  |TAMS 0x0000000603800000, 0x0000000603800000| Untracked 
|  10|0x0000000603c00000, 0x0000000603c00000, 0x0000000604000000|  0%| F|  |TAMS 0x0000000603c00000, 0x0000000603c00000| Untracked 
|  11|0x0000000604000000, 0x0000000604000000, 0x0000000604400000|  0%| F|  |TAMS 0x0000000604000000, 0x0000000604000000| Untracked 
|  12|0x0000000604400000, 0x0000000604400000, 0x0000000604800000|  0%| F|  |TAMS 0x0000000604400000, 0x0000000604400000| Untracked 
|  13|0x0000000604800000, 0x0000000604800000, 0x0000000604c00000|  0%| F|  |TAMS 0x0000000604800000, 0x0000000604800000| Untracked 
| 123|0x0000000620000000, 0x0000000620000000, 0x0000000620400000|  0%| F|  |TAMS 0x0000000620000000, 0x0000000620000000| Untracked 
| 124|0x0000000620400000, 0x00000006206e3af8, 0x0000000620800000| 72%| S|  |TAMS 0x0000000620400000, 0x0000000620400000| Complete 
| 127|0x0000000621000000, 0x0000000621400000, 0x0000000621400000|100%| E|CS|TAMS 0x0000000621000000, 0x0000000621000000| Complete 

Card table byte_map: [0x000001f887a50000,0x000001f888a50000] _byte_map_base: 0x000001f884a46000

Marking Bits (Prev, Next): (CMBitMap*) 0x000001f8f8fc9a40, (CMBitMap*) 0x000001f8f8fc9a00
 Prev Bits: [0x000001f891a00000, 0x000001f8999b0000)
 Next Bits: [0x000001f889a50000, 0x000001f891a00000)

Polling page: 0x000001f8f8fd0000

Metaspace:

Usage:
  Non-class:     22.36 MB used.
      Class:      3.73 MB used.
       Both:     26.10 MB used.

Virtual space:
  Non-class space:       64.00 MB reserved,      22.56 MB ( 35%) committed,  1 nodes.
      Class space:        1.00 GB reserved,       3.88 MB ( <1%) committed,  1 nodes.
             Both:        1.06 GB reserved,      26.44 MB (  2%) committed. 

Chunk freelists:
   Non-Class:  9.41 MB
       Class:  12.12 MB
        Both:  21.53 MB

MaxMetaspaceSize: unlimited
CompressedClassSpaceSize: 1.00 GB
Initial GC threshold: 21.00 MB
Current GC threshold: 35.25 MB
CDS: on
MetaspaceReclaimPolicy: balanced
 - commit_granule_bytes: 65536.
 - commit_granule_words: 8192.
 - virtual_space_node_default_size: 8388608.
 - enlarge_chunks_in_place: 1.
 - new_chunks_are_fully_committed: 0.
 - uncommit_free_chunks: 1.
 - use_allocation_guard: 0.
 - handle_deallocations: 1.


Internal statistics:

num_allocs_failed_limit: 3.
num_arena_births: 512.
num_arena_deaths: 0.
num_vsnodes_births: 2.
num_vsnodes_deaths: 0.
num_space_committed: 423.
num_space_uncommitted: 0.
num_chunks_returned_to_freelist: 3.
num_chunks_taken_from_freelist: 1494.
num_chunk_merges: 3.
num_chunk_splits: 997.
num_chunks_enlarged: 684.
num_inconsistent_stats: 0.

CodeCache: size=49152Kb used=8518Kb max_used=8518Kb free=40633Kb
 bounds [0x000001f8fa7b0000, 0x000001f8fb010000, 0x000001f8fd7b0000]
 total_blobs=3823 nmethods=3298 adapters=448
 compilation: enabled
              stopped_count=0, restarted_count=0
 full_count=0

Compilation events (20 events):
Event: 2.136 Thread 0x000001f89c8fece0 nmethod 3288 0x000001f8faffdf90 code [0x000001f8faffe120, 0x000001f8faffe1f8]
Event: 2.136 Thread 0x000001f89c8fe7c0 nmethod 3287 0x000001f8faffdc10 code [0x000001f8faffdda0, 0x000001f8faffdeb8]
Event: 2.136 Thread 0x000001f8e290b040 nmethod 3282 0x000001f8faffe290 code [0x000001f8faffe440, 0x000001f8faffe698]
Event: 2.136 Thread 0x000001f89c1a4b20 nmethod 3290 0x000001f8faffe910 code [0x000001f8faffeae0, 0x000001f8faffeeb8]
Event: 2.137 Thread 0x000001f8e290b040 3291       1       java.io.ClassCache::get (56 bytes)
Event: 2.137 Thread 0x000001f89c8fece0 3292       1       java.io.ClassCache::processQueue (32 bytes)
Event: 2.137 Thread 0x000001f89c8fece0 nmethod 3292 0x000001f8fafff010 code [0x000001f8fafff1e0, 0x000001f8fafff4a8]
Event: 2.138 Thread 0x000001f89c8fece0 3293       1       java.lang.Module::getName (5 bytes)
Event: 2.138 Thread 0x000001f8e290b040 nmethod 3291 0x000001f8fafff710 code [0x000001f8fafff940, 0x000001f8faffff68]
Event: 2.138 Thread 0x000001f89c1a4b20 3294       1       java.io.ObjectOutputStream$HandleTable::assign (52 bytes)
Event: 2.138 Thread 0x000001f89c1a0a60 3295       1       java.io.ObjectOutputStream$BlockDataOutputStream::writeUTF (46 bytes)
Event: 2.138 Thread 0x000001f89c8fece0 nmethod 3293 0x000001f8fb000510 code [0x000001f8fb0006a0, 0x000001f8fb000778]
Event: 2.138 Thread 0x000001f89c8fe7c0 3296       1       java.io.ObjectOutputStream$BlockDataOutputStream::writeInt (46 bytes)
Event: 2.138 Thread 0x000001f89c1a4b20 nmethod 3294 0x000001f8fb000810 code [0x000001f8fb0009c0, 0x000001f8fb000b48]
Event: 2.138 Thread 0x000001f89c1a4b20 3297       1       java.io.ObjectStreamClass::getPrimDataSize (5 bytes)
Event: 2.138 Thread 0x000001f8e290b040 3298       1       java.io.ObjectStreamClass::getNumObjFields (5 bytes)
Event: 2.138 Thread 0x000001f89c1a0a60 nmethod 3295 0x000001f8fb000c10 code [0x000001f8fb000de0, 0x000001f8fb000ff8]
Event: 2.138 Thread 0x000001f89c1a4b20 nmethod 3297 0x000001f8fb001590 code [0x000001f8fb001720, 0x000001f8fb0017f8]
Event: 2.138 Thread 0x000001f8e290b040 nmethod 3298 0x000001f8fb001890 code [0x000001f8fb001a20, 0x000001f8fb001af8]
Event: 2.138 Thread 0x000001f89c8fe7c0 nmethod 3296 0x000001f8fb001190 code [0x000001f8fb001340, 0x000001f8fb0014b8]

GC Heap History (11 events):
Event: 0.717 GC heap before
{Heap before GC invocations=0 (full 0):
 garbage-first heap   total 524288K, used 24576K [0x0000000601400000, 0x0000000800000000)
  region size 4096K, 6 young (24576K), 0 survivors (0K)
 Metaspace       used 7231K, committed 7488K, reserved 1114112K
  class space    used 944K, committed 1088K, reserved 1048576K
}
Event: 0.722 GC heap after
{Heap after GC invocations=1 (full 0):
 garbage-first heap   total 524288K, used 6070K [0x0000000601400000, 0x0000000800000000)
  region size 4096K, 1 young (4096K), 1 survivors (4096K)
 Metaspace       used 7231K, committed 7488K, reserved 1114112K
  class space    used 944K, committed 1088K, reserved 1048576K
}
Event: 1.055 GC heap before
{Heap before GC invocations=1 (full 0):
 garbage-first heap   total 524288K, used 26550K [0x0000000601400000, 0x0000000800000000)
  region size 4096K, 6 young (24576K), 1 survivors (4096K)
 Metaspace       used 11422K, committed 11712K, reserved 1114112K
  class space    used 1580K, committed 1728K, reserved 1048576K
}
Event: 1.059 GC heap after
{Heap after GC invocations=2 (full 0):
 garbage-first heap   total 524288K, used 7810K [0x0000000601400000, 0x0000000800000000)
  region size 4096K, 1 young (4096K), 1 survivors (4096K)
 Metaspace       used 11422K, committed 11712K, reserved 1114112K
  class space    used 1580K, committed 1728K, reserved 1048576K
}
Event: 1.433 GC heap before
{Heap before GC invocations=2 (full 0):
 garbage-first heap   total 524288K, used 52866K [0x0000000601400000, 0x0000000800000000)
  region size 4096K, 13 young (53248K), 1 survivors (4096K)
 Metaspace       used 20395K, committed 20736K, reserved 1114112K
  class space    used 2785K, committed 2944K, reserved 1048576K
}
Event: 1.437 GC heap after
{Heap after GC invocations=3 (full 0):
 garbage-first heap   total 524288K, used 11371K [0x0000000601400000, 0x0000000800000000)
  region size 4096K, 2 young (8192K), 2 survivors (8192K)
 Metaspace       used 20395K, committed 20736K, reserved 1114112K
  class space    used 2785K, committed 2944K, reserved 1048576K
}
Event: 1.549 GC heap before
{Heap before GC invocations=3 (full 0):
 garbage-first heap   total 524288K, used 19563K [0x0000000601400000, 0x0000000800000000)
  region size 4096K, 5 young (20480K), 2 survivors (8192K)
 Metaspace       used 21212K, committed 21504K, reserved 1114112K
  class space    used 2916K, committed 3072K, reserved 1048576K
}
Event: 1.552 GC heap after
{Heap after GC invocations=4 (full 0):
 garbage-first heap   total 524288K, used 11753K [0x0000000601400000, 0x0000000800000000)
  region size 4096K, 2 young (8192K), 2 survivors (8192K)
 Metaspace       used 21212K, committed 21504K, reserved 1114112K
  class space    used 2916K, committed 3072K, reserved 1048576K
}
Event: 2.066 GC heap before
{Heap before GC invocations=5 (full 0):
 garbage-first heap   total 69632K, used 44521K [0x0000000601400000, 0x0000000800000000)
  region size 4096K, 10 young (40960K), 2 survivors (8192K)
 Metaspace       used 25836K, committed 26176K, reserved 1114112K
  class space    used 3685K, committed 3840K, reserved 1048576K
}
Event: 2.071 GC heap after
{Heap after GC invocations=6 (full 0):
 garbage-first heap   total 69632K, used 13490K [0x0000000601400000, 0x0000000800000000)
  region size 4096K, 2 young (8192K), 2 survivors (8192K)
 Metaspace       used 25836K, committed 26176K, reserved 1114112K
  class space    used 3685K, committed 3840K, reserved 1048576K
}
Event: 2.143 GC heap before
{Heap before GC invocations=6 (full 0):
 garbage-first heap   total 69632K, used 17586K [0x0000000601400000, 0x0000000800000000)
  region size 4096K, 3 young (12288K), 2 survivors (8192K)
 Metaspace       used 26722K, committed 27072K, reserved 1114112K
  class space    used 3823K, committed 3968K, reserved 1048576K
}

Dll operation events (11 events):
Event: 0.021 Loaded shared library C:\Users\User\.jdks\corretto-17.0.9\bin\java.dll
Event: 0.039 Loaded shared library C:\Users\User\.jdks\corretto-17.0.9\bin\jsvml.dll
Event: 0.137 Loaded shared library C:\Users\User\.jdks\corretto-17.0.9\bin\zip.dll
Event: 0.139 Loaded shared library C:\Users\User\.jdks\corretto-17.0.9\bin\instrument.dll
Event: 0.144 Loaded shared library C:\Users\User\.jdks\corretto-17.0.9\bin\net.dll
Event: 0.146 Loaded shared library C:\Users\User\.jdks\corretto-17.0.9\bin\nio.dll
Event: 0.148 Loaded shared library C:\Users\User\.jdks\corretto-17.0.9\bin\zip.dll
Event: 0.211 Loaded shared library C:\Program Files\JetBrains\IntelliJ IDEA 2024.1.3\bin\breakgen64.dll
Event: 0.215 Loaded shared library C:\Users\User\.jdks\corretto-17.0.9\bin\jimage.dll
Event: 0.232 Loaded shared library C:\Users\User\.jdks\corretto-17.0.9\bin\management.dll
Event: 0.241 Loaded shared library C:\Users\User\.jdks\corretto-17.0.9\bin\management_ext.dll

Deoptimization events (4 events):
Event: 1.113 Thread 0x000001f8f8f1c010 DEOPT PACKING pc=0x000001f8fad64ff9 sp=0x0000006a854fd5e0
Event: 1.113 Thread 0x000001f8f8f1c010 DEOPT UNPACKING pc=0x000001f8fa807143 sp=0x0000006a854fcac0 mode 3
Event: 1.469 Thread 0x000001f8f8f1c010 DEOPT PACKING pc=0x000001f8faed9bd5 sp=0x0000006a854fe7e0
Event: 1.469 Thread 0x000001f8f8f1c010 DEOPT UNPACKING pc=0x000001f8fa807143 sp=0x0000006a854fdc88 mode 3

Classes unloaded (0 events):
No events

Classes redefined (0 events):
No events

Internal exceptions (20 events):
Event: 1.797 Thread 0x000001f8f8f1c010 Exception <a 'java/lang/NoSuchMethodError'{0x0000000603d94970}: 'int java.lang.invoke.Invokers$Holder.linkToTargetMethod(java.lang.Object, java.lang.Object)'> (0x0000000603d94970) 
thrown [s\src\hotspot\share\interpreter\linkResolver.cpp, line 759]
Event: 1.807 Thread 0x000001f8f8f1c010 Exception <a 'java/lang/NoSuchMethodError'{0x0000000603e48bf0}: 'java.lang.Object java.lang.invoke.DirectMethodHandle$Holder.invokeSpecial(java.lang.Object, java.lang.Object, java.lang.Object, java.lang.Object, java.lang.Object, java.lang.Object, java.lang.Object, java.lang.Object, java.lang.Object, java.lang.Object)'> (0x0000000603e48bf0) 
thrown [s\src\hotspot\share\interpreter\linkResolver.cpp, line 759]
Event: 1.808 Thread 0x000001f8f8f1c010 Exception <a 'java/lang/NoSuchMethodError'{0x0000000603e4d1d8}: 'java.lang.Object java.lang.invoke.Invokers$Holder.invoke_MT(java.lang.Object, java.lang.Object, java.lang.Object, java.lang.Object, java.lang.Object, java.lang.Object, java.lang.Object, java.lang.Object, java.lang.Object, java.lang.Object)'> (0x0000000603e4d1d8) 
thrown [s\src\hotspot\share\interpreter\linkResolver.cpp, line 759]
Event: 1.812 Thread 0x000001f8f8f1c010 Exception <a 'java/lang/NoSuchMethodError'{0x0000000603e90fa0}: 'java.lang.Object java.lang.invoke.DirectMethodHandle$Holder.invokeSpecial(java.lang.Object, java.lang.Object, int, java.lang.Object, java.lang.Object)'> (0x0000000603e90fa0) 
thrown [s\src\hotspot\share\interpreter\linkResolver.cpp, line 759]
Event: 1.812 Thread 0x000001f8f8f1c010 Exception <a 'java/lang/NoSuchMethodError'{0x0000000603e94c48}: 'java.lang.Object java.lang.invoke.DelegatingMethodHandle$Holder.delegate(java.lang.Object, int, java.lang.Object, java.lang.Object)'> (0x0000000603e94c48) 
thrown [s\src\hotspot\share\interpreter\linkResolver.cpp, line 759]
Event: 1.813 Thread 0x000001f8f8f1c010 Exception <a 'java/lang/NoSuchMethodError'{0x0000000603ea5ad0}: 'int java.lang.invoke.Invokers$Holder.linkToTargetMethod(java.lang.Object, java.lang.Object, java.lang.Object)'> (0x0000000603ea5ad0) 
thrown [s\src\hotspot\share\interpreter\linkResolver.cpp, line 759]
Event: 1.835 Thread 0x000001f8f8f1c010 Exception <a 'java/lang/NoClassDefFoundError'{0x0000000603fa6e58}: org/flywaydb/core/Flyway> (0x0000000603fa6e58) 
thrown [s\src\hotspot\share\classfile\systemDictionary.cpp, line 245]
Event: 1.836 Thread 0x000001f8f8f1c010 Exception <a 'java/lang/NoClassDefFoundError'{0x0000000603fa9ba0}: liquibase/integration/spring/SpringLiquibase> (0x0000000603fa9ba0) 
thrown [s\src\hotspot\share\classfile\systemDictionary.cpp, line 245]
Event: 1.857 Thread 0x000001f8f8f1c010 Exception <a 'java/lang/NoClassDefFoundError'{0x0000000603910500}: org/jooq/DSLContext> (0x0000000603910500) 
thrown [s\src\hotspot\share\classfile\systemDictionary.cpp, line 245]
Event: 1.858 Thread 0x000001f8f8f1c010 Exception <a 'java/lang/NoClassDefFoundError'{0x00000006039140f0}: jakarta/persistence/EntityManagerFactory> (0x00000006039140f0) 
thrown [s\src\hotspot\share\classfile\systemDictionary.cpp, line 245]
Event: 1.858 Thread 0x000001f8f8f1c010 Exception <a 'java/lang/NoClassDefFoundError'{0x00000006039171f8}: org/springframework/batch/core/repository/JobRepository> (0x00000006039171f8) 
thrown [s\src\hotspot\share\classfile\systemDictionary.cpp, line 245]
Event: 1.858 Thread 0x000001f8f8f1c010 Exception <a 'java/lang/NoClassDefFoundError'{0x0000000603919b48}: org/quartz/Scheduler> (0x0000000603919b48) 
thrown [s\src\hotspot\share\classfile\systemDictionary.cpp, line 245]
Event: 1.858 Thread 0x000001f8f8f1c010 Exception <a 'java/lang/NoClassDefFoundError'{0x000000060391cb30}: org/springframework/session/jdbc/JdbcIndexedSessionRepository> (0x000000060391cb30) 
thrown [s\src\hotspot\share\classfile\systemDictionary.cpp, line 245]
Event: 1.876 Thread 0x000001f8f8f1c010 Exception <a 'java/lang/NoSuchMethodError'{0x00000006039bb2e8}: 'void java.lang.invoke.DirectMethodHandle$Holder.invokeSpecial(java.lang.Object, java.lang.Object, java.lang.Object, java.lang.Object, java.lang.Object, java.lang.Object)'> (0x00000006039bb2e8) 
thrown [s\src\hotspot\share\interpreter\linkResolver.cpp, line 759]
Event: 1.993 Thread 0x000001f8f8f1c010 Exception <a 'java/lang/NoSuchMethodError'{0x00000006037b0c20}: 'int java.lang.invoke.DirectMethodHandle$Holder.invokeStatic(java.lang.Object)'> (0x00000006037b0c20) 
thrown [s\src\hotspot\share\interpreter\linkResolver.cpp, line 759]
Event: 1.993 Thread 0x000001f8f8f1c010 Exception <a 'java/lang/NoSuchMethodError'{0x00000006037b4570}: 'int java.lang.invoke.DirectMethodHandle$Holder.invokeStaticInit(java.lang.Object)'> (0x00000006037b4570) 
thrown [s\src\hotspot\share\interpreter\linkResolver.cpp, line 759]
Event: 2.119 Thread 0x000001f8f8f1c010 Exception <a 'java/lang/NoSuchMethodError'{0x000000062126a378}: 'void java.lang.invoke.DirectMethodHandle$Holder.invokeSpecial(java.lang.Object, java.lang.Object, java.lang.Object, java.lang.Object, java.lang.Object, java.lang.Object, java.lang.Object)'> (0x000000062126a378) 
thrown [s\src\hotspot\share\interpreter\linkResolver.cpp, line 759]
Event: 2.128 Thread 0x000001f8f8f1c010 Exception <a 'java/lang/NoSuchMethodError'{0x00000006212ed868}: 'void java.lang.invoke.DirectMethodHandle$Holder.invokeInterface(java.lang.Object, java.lang.Object, int)'> (0x00000006212ed868) 
thrown [s\src\hotspot\share\interpreter\linkResolver.cpp, line 759]
Event: 2.130 Thread 0x000001f8f8f1c010 Exception <a 'java/lang/IncompatibleClassChangeError'{0x0000000621310d48}: Found class java.lang.Object, but interface was expected> (0x0000000621310d48) 
thrown [s\src\hotspot\share\interpreter\linkResolver.cpp, line 826]
Event: 2.137 Thread 0x000001f8e26219b0 Exception <a 'java/lang/reflect/InvocationTargetException'{0x00000006213943d0}> (0x00000006213943d0) 
thrown [s\src\hotspot\share\runtime\reflection.cpp, line 1121]

VM Operations (20 events):
Event: 1.552 Executing VM operation: CollectForMetadataAllocation done
Event: 1.560 Executing VM operation: G1PauseRemark
Event: 1.562 Executing VM operation: G1PauseRemark done
Event: 1.564 Executing VM operation: G1PauseCleanup
Event: 1.564 Executing VM operation: G1PauseCleanup done
Event: 1.675 Executing VM operation: HandshakeAllThreads
Event: 1.675 Executing VM operation: HandshakeAllThreads done
Event: 1.675 Executing VM operation: HandshakeAllThreads
Event: 1.675 Executing VM operation: HandshakeAllThreads done
Event: 1.682 Executing VM operation: HandshakeAllThreads
Event: 1.682 Executing VM operation: HandshakeAllThreads done
Event: 1.799 Executing VM operation: HandshakeAllThreads
Event: 1.799 Executing VM operation: HandshakeAllThreads done
Event: 1.877 Executing VM operation: HandshakeAllThreads
Event: 1.877 Executing VM operation: HandshakeAllThreads done
Event: 2.053 Executing VM operation: HandshakeAllThreads
Event: 2.053 Executing VM operation: HandshakeAllThreads done
Event: 2.066 Executing VM operation: G1CollectForAllocation
Event: 2.071 Executing VM operation: G1CollectForAllocation done
Event: 2.143 Executing VM operation: G1CollectForAllocation

Events (20 events):
Event: 1.912 loading class java/text/MessageFormat
Event: 1.912 loading class java/text/MessageFormat done
Event: 1.995 loading class java/util/concurrent/Flow$Publisher
Event: 1.995 loading class java/util/concurrent/Flow$Publisher done
Event: 2.014 loading class java/util/concurrent/CompletionStage
Event: 2.015 loading class java/util/concurrent/CompletionStage done
Event: 2.026 loading class java/util/concurrent/CompletableFuture
Event: 2.026 loading class java/util/concurrent/CompletableFuture done
Event: 2.083 loading class sun/misc/Unsafe
Event: 2.084 loading class sun/misc/Unsafe done
Event: 2.085 loading class jdk/internal/access/foreign/MemorySegmentProxy
Event: 2.085 loading class jdk/internal/access/foreign/MemorySegmentProxy done
Event: 2.087 loading class java/nio/ShortBuffer
Event: 2.088 loading class java/nio/ShortBuffer done
Event: 2.088 loading class java/nio/FloatBuffer
Event: 2.088 loading class java/nio/FloatBuffer done
Event: 2.088 loading class java/nio/DoubleBuffer
Event: 2.088 loading class java/nio/DoubleBuffer done
Event: 2.134 Thread 0x000001f8e2ccf450 Thread added: 0x000001f8e2ccf450
Event: 2.139 Thread 0x000001f8e2ccf450 Thread exited: 0x000001f8e2ccf450


Dynamic libraries:
0x00007ff7590f0000 - 0x00007ff7590fe000 	C:\Users\User\.jdks\corretto-17.0.9\bin\java.exe
0x00007fff36550000 - 0x00007fff36748000 	C:\Windows\SYSTEM32\ntdll.dll
0x00007fff34590000 - 0x00007fff3464d000 	C:\Windows\System32\KERNEL32.DLL
0x00007fff33e00000 - 0x00007fff340f6000 	C:\Windows\System32\KERNELBASE.dll
0x00007fff34100000 - 0x00007fff34200000 	C:\Windows\System32\ucrtbase.dll
0x00007fff2bfd0000 - 0x00007fff2bfeb000 	C:\Users\User\.jdks\corretto-17.0.9\bin\VCRUNTIME140.dll
0x00007ffebfae0000 - 0x00007ffebfaf7000 	C:\Users\User\.jdks\corretto-17.0.9\bin\jli.dll
0x00007fff34fb0000 - 0x00007fff3514f000 	C:\Windows\System32\USER32.dll
0x00007fff343c0000 - 0x00007fff343e2000 	C:\Windows\System32\win32u.dll
0x00007fff28940000 - 0x00007fff28bda000 	C:\Windows\WinSxS\amd64_microsoft.windows.common-controls_6595b64144ccf1df_6.0.19041.4355_none_60b8b9eb71f62e16\COMCTL32.dll
0x00007fff35b80000 - 0x00007fff35bab000 	C:\Windows\System32\GDI32.dll
0x00007fff34f10000 - 0x00007fff34fae000 	C:\Windows\System32\msvcrt.dll
0x00007fff34270000 - 0x00007fff34387000 	C:\Windows\System32\gdi32full.dll
0x00007fff344f0000 - 0x00007fff3458d000 	C:\Windows\System32\msvcp_win.dll
0x00007fff35150000 - 0x00007fff3517f000 	C:\Windows\System32\IMM32.DLL
0x00007fff0f4e0000 - 0x00007fff0f4ec000 	C:\Users\User\.jdks\corretto-17.0.9\bin\vcruntime140_1.dll
0x00007ffe93790000 - 0x00007ffe9381d000 	C:\Users\User\.jdks\corretto-17.0.9\bin\msvcp140.dll
0x00007ffe761c0000 - 0x00007ffe76e21000 	C:\Users\User\.jdks\corretto-17.0.9\bin\server\jvm.dll
0x00007fff34700000 - 0x00007fff347b0000 	C:\Windows\System32\ADVAPI32.dll
0x00007fff35ae0000 - 0x00007fff35b80000 	C:\Windows\System32\sechost.dll
0x00007fff363e0000 - 0x00007fff36503000 	C:\Windows\System32\RPCRT4.dll
0x00007fff34390000 - 0x00007fff343b7000 	C:\Windows\System32\bcrypt.dll
0x00007fff33690000 - 0x00007fff336db000 	C:\Windows\SYSTEM32\POWRPROF.dll
0x00007fff2a950000 - 0x00007fff2a95a000 	C:\Windows\SYSTEM32\VERSION.dll
0x00007fff27260000 - 0x00007fff27287000 	C:\Windows\SYSTEM32\WINMM.dll
0x00007fff20590000 - 0x00007fff20599000 	C:\Windows\SYSTEM32\WSOCK32.dll
0x00007fff35c10000 - 0x00007fff35c7b000 	C:\Windows\System32\WS2_32.dll
0x00007fff33670000 - 0x00007fff33682000 	C:\Windows\SYSTEM32\UMPDC.dll
0x00007fff31a70000 - 0x00007fff31a82000 	C:\Windows\SYSTEM32\kernel.appcore.dll
0x00007ffebfad0000 - 0x00007ffebfada000 	C:\Users\User\.jdks\corretto-17.0.9\bin\jimage.dll
0x00007fff291b0000 - 0x00007fff29394000 	C:\Windows\SYSTEM32\DBGHELP.DLL
0x00007fff2a020000 - 0x00007fff2a054000 	C:\Windows\SYSTEM32\dbgcore.DLL
0x00007fff33d70000 - 0x00007fff33df2000 	C:\Windows\System32\bcryptPrimitives.dll
0x00007ffeb2380000 - 0x00007ffeb238e000 	C:\Users\User\.jdks\corretto-17.0.9\bin\instrument.dll
0x00007ffe96770000 - 0x00007ffe96795000 	C:\Users\User\.jdks\corretto-17.0.9\bin\java.dll
0x00007ffe92b50000 - 0x00007ffe92c27000 	C:\Users\User\.jdks\corretto-17.0.9\bin\jsvml.dll
0x00007fff35180000 - 0x00007fff358ec000 	C:\Windows\System32\SHELL32.dll
0x00007fff31c70000 - 0x00007fff3240d000 	C:\Windows\SYSTEM32\windows.storage.dll
0x00007fff35f30000 - 0x00007fff36283000 	C:\Windows\System32\combase.dll
0x00007fff334e0000 - 0x00007fff3350e000 	C:\Windows\SYSTEM32\Wldp.dll
0x00007fff35ce0000 - 0x00007fff35dad000 	C:\Windows\System32\OLEAUT32.dll
0x00007fff36290000 - 0x00007fff3633d000 	C:\Windows\System32\SHCORE.dll
0x00007fff35bb0000 - 0x00007fff35c05000 	C:\Windows\System32\shlwapi.dll
0x00007fff33b40000 - 0x00007fff33b64000 	C:\Windows\SYSTEM32\profapi.dll
0x00007ffe9c340000 - 0x00007ffe9c358000 	C:\Users\User\.jdks\corretto-17.0.9\bin\zip.dll
0x00007ffebfab0000 - 0x00007ffebfac9000 	C:\Users\User\.jdks\corretto-17.0.9\bin\net.dll
0x00007fff2c260000 - 0x00007fff2c36a000 	C:\Windows\SYSTEM32\WINHTTP.dll
0x00007fff332c0000 - 0x00007fff3332a000 	C:\Windows\system32\mswsock.dll
0x00007ffebf920000 - 0x00007ffebf936000 	C:\Users\User\.jdks\corretto-17.0.9\bin\nio.dll
0x00007ffe966e0000 - 0x00007ffe966fa000 	C:\Program Files\JetBrains\IntelliJ IDEA 2024.1.3\bin\breakgen64.dll
0x00007fff33000000 - 0x00007fff330ca000 	C:\Windows\SYSTEM32\DNSAPI.dll
0x00007fff32fc0000 - 0x00007fff32ffb000 	C:\Windows\SYSTEM32\IPHLPAPI.DLL
0x00007fff358f0000 - 0x00007fff358f8000 	C:\Windows\System32\NSI.dll
0x00007fff2bea0000 - 0x00007fff2beaa000 	C:\Windows\System32\rasadhlp.dll
0x00007fff2b9f0000 - 0x00007fff2ba70000 	C:\Windows\System32\fwpuclnt.dll
0x00007ffeb1180000 - 0x00007ffeb1189000 	C:\Users\User\.jdks\corretto-17.0.9\bin\management.dll
0x00007ffe96760000 - 0x00007ffe9676b000 	C:\Users\User\.jdks\corretto-17.0.9\bin\management_ext.dll
0x00007fff36340000 - 0x00007fff36348000 	C:\Windows\System32\PSAPI.DLL
0x00007fff336f0000 - 0x00007fff33708000 	C:\Windows\SYSTEM32\CRYPTSP.dll
0x00007fff32c00000 - 0x00007fff32c34000 	C:\Windows\system32\rsaenh.dll
0x00007fff33af0000 - 0x00007fff33b1e000 	C:\Windows\SYSTEM32\USERENV.dll
0x00007fff33450000 - 0x00007fff3345c000 	C:\Windows\SYSTEM32\CRYPTBASE.dll
0x00007fff2c790000 - 0x00007fff2c7a7000 	C:\Windows\SYSTEM32\dhcpcsvc6.DLL
0x00007fff2c770000 - 0x00007fff2c78d000 	C:\Windows\SYSTEM32\dhcpcsvc.DLL
0x00007fff209e0000 - 0x00007fff209f7000 	C:\Windows\system32\napinsp.dll
0x00007fff209c0000 - 0x00007fff209db000 	C:\Windows\system32\pnrpnsp.dll
0x00007fff209a0000 - 0x00007fff209b5000 	C:\Windows\system32\wshbth.dll
0x00007fff2c880000 - 0x00007fff2c89d000 	C:\Windows\system32\NLAapi.dll
0x00007fff20980000 - 0x00007fff20992000 	C:\Windows\System32\winrnr.dll

dbghelp: loaded successfully - version: 4.0.5 - missing functions: none
symbol engine: initialized successfully - sym options: 0x614 - pdb path: .;C:\Users\User\.jdks\corretto-17.0.9\bin;C:\Windows\SYSTEM32;C:\Windows\WinSxS\amd64_microsoft.windows.common-controls_6595b64144ccf1df_6.0.19041.4355_none_60b8b9eb71f62e16;C:\Users\User\.jdks\corretto-17.0.9\bin\server;C:\Program Files\JetBrains\IntelliJ IDEA 2024.1.3\bin

VM Arguments:
jvm_args: -XX:TieredStopAtLevel=1 -Dspring.output.ansi.enabled=always -Dcom.sun.management.jmxremote -Dspring.jmx.enabled=true -Dspring.liveBeansView.mbeanDomain -Dspring.application.admin.enabled=true -Dmanagement.endpoints.jmx.exposure.include=* -javaagent:C:\Program Files\JetBrains\IntelliJ IDEA 2024.1.3\lib\idea_rt.jar=54508:C:\Program Files\JetBrains\IntelliJ IDEA 2024.1.3\bin -Dfile.encoding=UTF-8 
java_command: com.manyalo.message.ManyaloMessageApplication
java_class_path (initial): C:\Users\User\Desktop\proyectos\manyalo-message\target\classes;C:\Users\User\.m2\repository\org\springframework\boot\spring-boot-starter-data-r2dbc\3.3.0\spring-boot-starter-data-r2dbc-3.3.0.jar;C:\Users\User\.m2\repository\org\springframework\boot\spring-boot-starter\3.3.0\spring-boot-starter-3.3.0.jar;C:\Users\User\.m2\repository\org\springframework\boot\spring-boot\3.3.0\spring-boot-3.3.0.jar;C:\Users\User\.m2\repository\org\springframework\boot\spring-boot-autoconfigure\3.3.0\spring-boot-autoconfigure-3.3.0.jar;C:\Users\User\.m2\repository\org\springframework\boot\spring-boot-starter-logging\3.3.0\spring-boot-starter-logging-3.3.0.jar;C:\Users\User\.m2\repository\ch\qos\logback\logback-classic\1.5.6\logback-classic-1.5.6.jar;C:\Users\User\.m2\repository\ch\qos\logback\logback-core\1.5.6\logback-core-1.5.6.jar;C:\Users\User\.m2\repository\org\apache\logging\log4j\log4j-to-slf4j\2.23.1\log4j-to-slf4j-2.23.1.jar;C:\Users\User\.m2\repository\org\apache\logging\log4j\log4j-api\2.23.1\log4j-api-2.23.1.jar;C:\Users\User\.m2\repository\org\slf4j\jul-to-slf4j\2.0.13\jul-to-slf4j-2.0.13.jar;C:\Users\User\.m2\repository\jakarta\annotation\jakarta.annotation-api\2.1.1\jakarta.annotation-api-2.1.1.jar;C:\Users\User\.m2\repository\org\yaml\snakeyaml\2.2\snakeyaml-2.2.jar;C:\Users\User\.m2\repository\org\springframework\data\spring-data-r2dbc\3.3.0\spring-data-r2dbc-3.3.0.jar;C:\Users\User\.m2\repository\org\springframework\data\spring-data-relational\3.3.0\spring-data-relational-3.3.0.jar;C:\Users\User\.m2\repository\com\github\jsqlparser\jsqlparser\4.6\jsqlparser-4.6.jar;C:\Users\User\.m2\repository\org\springframework\data\spring-data-commons\3.3.0\spring-data-commons-3.3.0.jar;C:\Users\User\.m2\repository\org\springframework\spring-tx\6.1.8\spring-tx-6.1.8.jar;C:\Users\User\.m2\repository\org\springframework\spring-context\6.1.8\spring-context-6.1.8.jar;C:\Users\User\.m2\repository\org\springframework\spring-aop\6.1.8\spring-aop-6.1.8.jar;C:\Us
Launcher Type: SUN_STANDARD

[Global flags]
     intx CICompilerCount                          = 12                                        {product} {ergonomic}
     uint ConcGCThreads                            = 3                                         {product} {ergonomic}
     uint G1ConcRefinementThreads                  = 13                                        {product} {ergonomic}
   size_t G1HeapRegionSize                         = 4194304                                   {product} {ergonomic}
    uintx GCDrainStackTargetSize                   = 64                                        {product} {ergonomic}
   size_t InitialHeapSize                          = 536870912                                 {product} {ergonomic}
     bool ManagementServer                         = true                                      {product} {command line}
   size_t MarkStackSize                            = 4194304                                   {product} {ergonomic}
   size_t MaxHeapSize                              = 8568963072                                {product} {ergonomic}
   size_t MaxNewSize                               = 5138022400                                {product} {ergonomic}
   size_t MinHeapDeltaBytes                        = 4194304                                   {product} {ergonomic}
   size_t MinHeapSize                              = 8388608                                   {product} {ergonomic}
    uintx NonProfiledCodeHeapSize                  = 0                                      {pd product} {ergonomic}
     bool ProfileInterpreter                       = false                                  {pd product} {command line}
    uintx ProfiledCodeHeapSize                     = 0                                      {pd product} {ergonomic}
   size_t SoftMaxHeapSize                          = 8568963072                             {manageable} {ergonomic}
     intx TieredStopAtLevel                        = 1                                         {product} {command line}
     bool UseCompressedClassPointers               = true                           {product lp64_product} {ergonomic}
     bool UseCompressedOops                        = true                           {product lp64_product} {ergonomic}
     bool UseG1GC                                  = true                                      {product} {ergonomic}
     bool UseLargePagesIndividualAllocation        = false                                  {pd product} {ergonomic}

Logging:
Log output configuration:
 #0: stdout all=warning uptime,level,tags
 #1: stderr all=off uptime,level,tags

Environment Variables:
JAVA_HOME=C:\Program Files\Java\jdk-17
PATH=C:\Program Files\Common Files\Oracle\Java\javapath;C:\Program Files (x86)\Razer\ChromaBroadcast\bin;C:\Program Files\Razer\ChromaBroadcast\bin;C:\Windows\system32;C:\Windows;C:\Windows\System32\Wbem;C:\Windows\System32\WindowsPowerShell\v1.0\;C:\Windows\System32\OpenSSH\;C:\Program Files (x86)\NVIDIA Corporation\PhysX\Common;C:\Program Files\NVIDIA Corporation\NVIDIA NvDLISR;C:\Windows\system32\config\systemprofile\AppData\Local\Microsoft\WindowsApps;C:\Program Files\Git\cmd;C:\Program Files\Docker\Docker\resources\bin;C:\Program Files\Go\bin;C:\Users\User\AppData\Local\Microsoft\WindowsApps;;C:\Program Files\JetBrains\GoLand 2024.1.3\bin;;C:\Users\User\go\bin;C:\Users\User\AppData\Local\Programs\Microsoft VS Code\bin;C:\Program Files\JetBrains\IntelliJ IDEA 2024.1.3\bin;
USERNAME=User
OS=Windows_NT
PROCESSOR_IDENTIFIER=AMD64 Family 23 Model 1 Stepping 1, AuthenticAMD
TMP=C:\Users\User\AppData\Local\Temp
TEMP=C:\Users\User\AppData\Local\Temp



Periodic native trim disabled


---------------  S Y S T E M  ---------------

OS:
 Windows 10 , 64 bit Build 19041 (10.0.19041.3636)
OS uptime: 0 days 17:45 hours
Hyper-V role detected

CPU: total 16 (initial active 16) (16 cores per cpu, 2 threads per core) family 23 model 1 stepping 1 microcode 0x0, cx8, cmov, fxsr, ht, mmx, 3dnowpref, sse, sse2, sse3, ssse3, sse4a, sse4.1, sse4.2, popcnt, lzcnt, tsc, tscinvbit, avx, avx2, aes, clmul, bmi1, bmi2, adx, sha, fma, vzeroupper, clflush, clflushopt, hv
Processor Information for all 16 processors :
  Max Mhz: 3400, Current Mhz: 3400, Mhz Limit: 3400

Memory: 4k page, system-wide physical 32687M (14985M free)
TotalPageFile size 37551M (AvailPageFile size 8741M)
current process WorkingSet (physical memory assigned to process): 143M, peak: 143M
current process commit charge ("private bytes"): 206M, peak: 659M

vm_info: OpenJDK 64-Bit Server VM (17.0.9+8-LTS) for windows-amd64 JRE (17.0.9+8-LTS), built on Oct 12 2023 16:15:33 by "Administrator" with MS VC++ 16.10 / 16.11 (VS2019)

END.
